Arguments: 
  /usr/local/Cellar/node/14.4.0/bin/node /usr/local/bin/yarn install

PATH: 
  /Users/houes/.toolbox/bin:/usr/local/opt/python/libexec/bin:/Users/houes/bin:/usr/local/bin:/Library/Frameworks/Python.framework/Versions/3.8/bin:/usr/local/bin:/usr/bin:/bin:/usr/sbin:/sbin:/Library/TeX/texbin:/usr/local/MacGPG2/bin:/Users/houes/Documents/Git/open-source/serverless-toto-api/node_modules/.bin

Yarn version: 
  1.22.4

Node version: 
  14.4.0

Platform: 
  darwin x64

Trace: 
  Error: https://amazon.goshawk.aws.a2z.com/npm/shared/@aws-cdk%2faws-appsync: Unauthenticated: request used expired credentials. Please renew your credentials.
      at Request.params.callback [as _callback] (/usr/local/lib/node_modules/yarn/lib/cli.js:66987:18)
      at Request.self.callback (/usr/local/lib/node_modules/yarn/lib/cli.js:140748:22)
      at Request.emit (events.js:315:20)
      at Request.<anonymous> (/usr/local/lib/node_modules/yarn/lib/cli.js:141720:10)
      at Request.emit (events.js:315:20)
      at Gunzip.<anonymous> (/usr/local/lib/node_modules/yarn/lib/cli.js:141642:12)
      at Object.onceWrapper (events.js:421:28)
      at Gunzip.emit (events.js:315:20)
      at endReadableNT (_stream_readable.js:1224:12)
      at processTicksAndRejections (internal/process/task_queues.js:84:21)

npm manifest: 
  {
    "name": "cdk",
    "version": "0.1.0",
    "bin": {
      "cdk": "bin/cdk.js"
    },
    "scripts": {
      "build": "tsc",
      "watch": "tsc -w",
      "test": "jest",
      "cdk": "cdk",
      "lint": "eslint --ext .ts lib"
    },
    "devDependencies": {
      "@aws-cdk/assert": "1.57.0",
      "@types/jest": "^25.2.1",
      "@types/node": "10.17.5",
      "@typescript-eslint/eslint-plugin": "^2.34.0",
      "@typescript-eslint/parser": "^2.34.0",
      "aws-cdk": "1.57.0",
      "babel-eslint": "^10.1.0",
      "eslint": "^6.8.0",
      "eslint-plugin-flowtype": "^4.7.0",
      "eslint-plugin-import": "^2.22.0",
      "jest": "^25.5.0",
      "ts-jest": "^25.3.1",
      "ts-node": "^8.1.0",
      "typescript": "~3.7.2"
    },
    "dependencies": {
      "@aws-cdk/aws-appsync": "^1.58.0",
      "@aws-cdk/aws-codebuild": "^1.57.0",
      "@aws-cdk/aws-codedeploy": "^1.57.0",
      "@aws-cdk/aws-codepipeline": "^1.57.0",
      "@aws-cdk/aws-codepipeline-actions": "^1.58.0",
      "@aws-cdk/aws-cognito": "^1.58.0",
      "@aws-cdk/aws-dynamodb": "^1.58.0",
      "@aws-cdk/aws-iam": "^1.58.0",
      "@aws-cdk/aws-lambda": "^1.57.0",
      "@aws-cdk/aws-lambda-nodejs": "^1.58.0",
      "@aws-cdk/aws-pinpoint": "^1.58.0",
      "@aws-cdk/core": "^1.58.0",
      "@aws-cdk/pipelines": "^1.58.0",
      "source-map-support": "^0.5.16"
    }
  }

yarn manifest: 
  No manifest

Lockfile: 
  No lockfile
